<?xml version="1.0" encoding="UTF-8"?>
<testsuite name="edu.eci.arsw.msgbroker.WebsocketsMsbrokerExampleApplicationTests" time="0.041" tests="1" errors="1" skipped="0" failures="0">
  <properties>
    <property name="java.runtime.name" value="Java(TM) SE Runtime Environment"/>
    <property name="sun.boot.library.path" value="C:\Program Files\Java\jdk1.8.0_151\jre\bin"/>
    <property name="java.vm.version" value="25.151-b12"/>
    <property name="java.vm.vendor" value="Oracle Corporation"/>
    <property name="java.vendor.url" value="http://java.oracle.com/"/>
    <property name="path.separator" value=";"/>
    <property name="guice.disable.misplaced.annotation.check" value="true"/>
    <property name="java.vm.name" value="Java HotSpot(TM) 64-Bit Server VM"/>
    <property name="file.encoding.pkg" value="sun.io"/>
    <property name="user.script" value=""/>
    <property name="user.country" value="CO"/>
    <property name="sun.java.launcher" value="SUN_STANDARD"/>
    <property name="sun.os.patch.level" value=""/>
    <property name="java.vm.specification.name" value="Java Virtual Machine Specification"/>
    <property name="user.dir" value="C:\Users\jfmor\Desktop\semestre 7\ARSW\lab09\Lab09"/>
    <property name="java.runtime.version" value="1.8.0_151-b12"/>
    <property name="java.awt.graphicsenv" value="sun.awt.Win32GraphicsEnvironment"/>
    <property name="java.endorsed.dirs" value="C:\Program Files\Java\jdk1.8.0_151\jre\lib\endorsed"/>
    <property name="os.arch" value="amd64"/>
    <property name="java.io.tmpdir" value="C:\Users\jfmor\AppData\Local\Temp\"/>
    <property name="line.separator" value="&#10;"/>
    <property name="java.vm.specification.vendor" value="Oracle Corporation"/>
    <property name="user.variant" value=""/>
    <property name="os.name" value="Windows 10"/>
    <property name="maven.ext.class.path" value="C:\Program Files\NetBeans 8.2\java\maven-nblib\netbeans-eventspy.jar"/>
    <property name="classworlds.conf" value="C:\Program Files\NetBeans 8.2\java\maven\bin\m2.conf"/>
    <property name="sun.jnu.encoding" value="Cp1252"/>
    <property name="java.library.path" value="C:\Program Files\Java\jdk1.8.0_151\bin;C:\WINDOWS\Sun\Java\bin;C:\WINDOWS\system32;C:\WINDOWS;C:\Program Files (x86)\Common Files\Oracle\Java\javapath;C:\Program Files (x86)\NVIDIA Corporation\PhysX\Common;C:\ProgramData\Oracle\Java\javapath;C:\Program Files\Broadcom\Broadcom 802.11 Network Adapter;C:\WINDOWS\system32;C:\WINDOWS;C:\WINDOWS\System32\Wbem;C:\WINDOWS\System32\WindowsPowerShell\v1.0\;C:\Program Files\Java\jdk1.8.0_151;C:\Program Files (x86)\GtkSharp\2.12\bin;C:\Program Files\PuTTY\;C:\WINDOWS\System32\OpenSSH\;C:\Program Files (x86)\Microsoft SQL Server\100\Tools\Binn\;C:\Program Files (x86)\Microsoft SQL Server\100\DTS\Binn\;C:\Program Files\apache-maven-3.5.4-bin\apache-maven-3.5.4\bin;C:\Program Files\Java\jdk-10.0.2\bin;C:\Users\jfmor\AppData\Local\GitHubDesktop\bin;C:\Program Files\heroku\bin;."/>
    <property name="java.specification.name" value="Java Platform API Specification"/>
    <property name="java.class.version" value="52.0"/>
    <property name="sun.management.compiler" value="HotSpot 64-Bit Tiered Compilers"/>
    <property name="os.version" value="10.0"/>
    <property name="user.home" value="C:\Users\jfmor"/>
    <property name="user.timezone" value="America/Bogota"/>
    <property name="java.awt.printerjob" value="sun.awt.windows.WPrinterJob"/>
    <property name="java.specification.version" value="1.8"/>
    <property name="file.encoding" value="UTF-8"/>
    <property name="user.name" value="jfmor"/>
    <property name="java.class.path" value="C:\Program Files\NetBeans 8.2\java\maven\boot\plexus-classworlds-2.4.jar"/>
    <property name="java.vm.specification.version" value="1.8"/>
    <property name="sun.arch.data.model" value="64"/>
    <property name="java.home" value="C:\Program Files\Java\jdk1.8.0_151\jre"/>
    <property name="sun.java.command" value="org.codehaus.plexus.classworlds.launcher.Launcher -Dmaven.ext.class.path=C:\Program Files\NetBeans 8.2\java\maven-nblib\netbeans-eventspy.jar -Dfile.encoding=UTF-8 clean install"/>
    <property name="java.specification.vendor" value="Oracle Corporation"/>
    <property name="user.language" value="es"/>
    <property name="awt.toolkit" value="sun.awt.windows.WToolkit"/>
    <property name="java.vm.info" value="mixed mode"/>
    <property name="java.version" value="1.8.0_151"/>
    <property name="java.ext.dirs" value="C:\Program Files\Java\jdk1.8.0_151\jre\lib\ext;C:\WINDOWS\Sun\Java\lib\ext"/>
    <property name="sun.boot.class.path" value="C:\Program Files\Java\jdk1.8.0_151\jre\lib\resources.jar;C:\Program Files\Java\jdk1.8.0_151\jre\lib\rt.jar;C:\Program Files\Java\jdk1.8.0_151\jre\lib\sunrsasign.jar;C:\Program Files\Java\jdk1.8.0_151\jre\lib\jsse.jar;C:\Program Files\Java\jdk1.8.0_151\jre\lib\jce.jar;C:\Program Files\Java\jdk1.8.0_151\jre\lib\charsets.jar;C:\Program Files\Java\jdk1.8.0_151\jre\lib\jfr.jar;C:\Program Files\Java\jdk1.8.0_151\jre\classes"/>
    <property name="java.vendor" value="Oracle Corporation"/>
    <property name="maven.home" value="C:\Program Files\NetBeans 8.2\java\maven"/>
    <property name="file.separator" value="\"/>
    <property name="java.vendor.url.bug" value="http://bugreport.sun.com/bugreport/"/>
    <property name="sun.cpu.endian" value="little"/>
    <property name="sun.io.unicode.encoding" value="UnicodeLittle"/>
    <property name="sun.desktop" value="windows"/>
    <property name="sun.cpu.isalist" value="amd64"/>
  </properties>
  <testcase name="initializationError" classname="edu.eci.arsw.msgbroker.WebsocketsMsbrokerExampleApplicationTests" time="0.041">
    <error message="Unable to find a @SpringBootConfiguration, you need to use @ContextConfiguration or @SpringBootTest(classes=...) with your test" type="java.lang.IllegalStateException"><![CDATA[java.lang.IllegalStateException: Unable to find a @SpringBootConfiguration, you need to use @ContextConfiguration or @SpringBootTest(classes=...) with your test
	at org.springframework.util.Assert.state(Assert.java:392)
	at org.springframework.boot.test.context.SpringBootTestContextBootstrapper.getOrFindConfigurationClasses(SpringBootTestContextBootstrapper.java:173)
	at org.springframework.boot.test.context.SpringBootTestContextBootstrapper.processMergedContextConfiguration(SpringBootTestContextBootstrapper.java:133)
	at org.springframework.test.context.support.AbstractTestContextBootstrapper.buildMergedContextConfiguration(AbstractTestContextBootstrapper.java:409)
	at org.springframework.test.context.support.AbstractTestContextBootstrapper.buildDefaultMergedContextConfiguration(AbstractTestContextBootstrapper.java:323)
	at org.springframework.test.context.support.AbstractTestContextBootstrapper.buildMergedContextConfiguration(AbstractTestContextBootstrapper.java:277)
	at org.springframework.test.context.support.AbstractTestContextBootstrapper.buildTestContext(AbstractTestContextBootstrapper.java:112)
	at org.springframework.boot.test.context.SpringBootTestContextBootstrapper.buildTestContext(SpringBootTestContextBootstrapper.java:78)
	at org.springframework.test.context.TestContextManager.<init>(TestContextManager.java:120)
	at org.springframework.test.context.TestContextManager.<init>(TestContextManager.java:105)
	at org.springframework.test.context.junit4.SpringJUnit4ClassRunner.createTestContextManager(SpringJUnit4ClassRunner.java:152)
	at org.springframework.test.context.junit4.SpringJUnit4ClassRunner.<init>(SpringJUnit4ClassRunner.java:143)
	at org.springframework.test.context.junit4.SpringRunner.<init>(SpringRunner.java:49)
	at sun.reflect.NativeConstructorAccessorImpl.newInstance0(Native Method)
	at sun.reflect.NativeConstructorAccessorImpl.newInstance(NativeConstructorAccessorImpl.java:62)
	at sun.reflect.DelegatingConstructorAccessorImpl.newInstance(DelegatingConstructorAccessorImpl.java:45)
	at java.lang.reflect.Constructor.newInstance(Constructor.java:423)
	at org.junit.internal.builders.AnnotatedBuilder.buildRunner(AnnotatedBuilder.java:104)
	at org.junit.internal.builders.AnnotatedBuilder.runnerForClass(AnnotatedBuilder.java:86)
	at org.junit.runners.model.RunnerBuilder.safeRunnerForClass(RunnerBuilder.java:59)
	at org.junit.internal.builders.AllDefaultPossibilitiesBuilder.runnerForClass(AllDefaultPossibilitiesBuilder.java:26)
	at org.junit.runners.model.RunnerBuilder.safeRunnerForClass(RunnerBuilder.java:59)
	at org.junit.internal.requests.ClassRequest.getRunner(ClassRequest.java:33)
	at org.apache.maven.surefire.junit4.JUnit4Provider.execute(JUnit4Provider.java:283)
	at org.apache.maven.surefire.junit4.JUnit4Provider.executeWithRerun(JUnit4Provider.java:173)
	at org.apache.maven.surefire.junit4.JUnit4Provider.executeTestSet(JUnit4Provider.java:153)
	at org.apache.maven.surefire.junit4.JUnit4Provider.invoke(JUnit4Provider.java:128)
	at org.apache.maven.surefire.booter.ForkedBooter.invokeProviderInSameClassLoader(ForkedBooter.java:203)
	at org.apache.maven.surefire.booter.ForkedBooter.runSuitesInProcess(ForkedBooter.java:155)
	at org.apache.maven.surefire.booter.ForkedBooter.main(ForkedBooter.java:103)
]]></error>
    <system-out><![CDATA[22:17:18.806 [main] DEBUG org.springframework.test.context.junit4.SpringJUnit4ClassRunner - SpringJUnit4ClassRunner constructor called with [class edu.eci.arsw.msgbroker.WebsocketsMsbrokerExampleApplicationTests]
22:17:18.826 [main] DEBUG org.springframework.test.context.BootstrapUtils - Instantiating CacheAwareContextLoaderDelegate from class [org.springframework.test.context.cache.DefaultCacheAwareContextLoaderDelegate]
22:17:18.882 [main] DEBUG org.springframework.test.context.BootstrapUtils - Instantiating BootstrapContext using constructor [public org.springframework.test.context.support.DefaultBootstrapContext(java.lang.Class,org.springframework.test.context.CacheAwareContextLoaderDelegate)]
22:17:18.938 [main] DEBUG org.springframework.test.context.BootstrapUtils - Instantiating TestContextBootstrapper for test class [edu.eci.arsw.msgbroker.WebsocketsMsbrokerExampleApplicationTests] from class [org.springframework.boot.test.context.SpringBootTestContextBootstrapper]
22:17:19.017 [main] INFO org.springframework.boot.test.context.SpringBootTestContextBootstrapper - Neither @ContextConfiguration nor @ContextHierarchy found for test class [edu.eci.arsw.msgbroker.WebsocketsMsbrokerExampleApplicationTests], using SpringBootContextLoader
22:17:19.025 [main] DEBUG org.springframework.test.context.support.AbstractContextLoader - Did not detect default resource location for test class [edu.eci.arsw.msgbroker.WebsocketsMsbrokerExampleApplicationTests]: class path resource [edu/eci/arsw/msgbroker/WebsocketsMsbrokerExampleApplicationTests-context.xml] does not exist
22:17:19.026 [main] DEBUG org.springframework.test.context.support.AbstractContextLoader - Did not detect default resource location for test class [edu.eci.arsw.msgbroker.WebsocketsMsbrokerExampleApplicationTests]: class path resource [edu/eci/arsw/msgbroker/WebsocketsMsbrokerExampleApplicationTestsContext.groovy] does not exist
22:17:19.027 [main] INFO org.springframework.test.context.support.AbstractContextLoader - Could not detect default resource locations for test class [edu.eci.arsw.msgbroker.WebsocketsMsbrokerExampleApplicationTests]: no resource found for suffixes {-context.xml, Context.groovy}.
22:17:19.060 [main] INFO org.springframework.test.context.support.AnnotationConfigContextLoaderUtils - Could not detect default configuration classes for test class [edu.eci.arsw.msgbroker.WebsocketsMsbrokerExampleApplicationTests]: WebsocketsMsbrokerExampleApplicationTests does not declare any static, non-private, non-final, nested classes annotated with @Configuration.
22:17:19.304 [main] DEBUG org.springframework.test.context.support.ActiveProfilesUtils - Could not find an 'annotation declaring class' for annotation type [org.springframework.test.context.ActiveProfiles] and class [edu.eci.arsw.msgbroker.WebsocketsMsbrokerExampleApplicationTests]
22:17:19.458 [main] DEBUG org.springframework.core.env.StandardEnvironment - Adding [systemProperties] PropertySource with lowest search precedence
22:17:19.458 [main] DEBUG org.springframework.core.env.StandardEnvironment - Adding [systemEnvironment] PropertySource with lowest search precedence
22:17:19.459 [main] DEBUG org.springframework.core.env.StandardEnvironment - Initialized StandardEnvironment with PropertySources [systemProperties,systemEnvironment]
22:17:19.516 [main] DEBUG org.springframework.core.io.support.PathMatchingResourcePatternResolver - Resolved classpath location [edu/eci/arsw/msgbroker/] to resources [URL [file:/C:/Users/jfmor/Desktop/semestre%207/ARSW/lab09/Lab09/target/test-classes/edu/eci/arsw/msgbroker/]]
22:17:19.517 [main] DEBUG org.springframework.core.io.support.PathMatchingResourcePatternResolver - Looking for matching resources in directory tree [C:\Users\jfmor\Desktop\semestre 7\ARSW\lab09\Lab09\target\test-classes\edu\eci\arsw\msgbroker]
22:17:19.517 [main] DEBUG org.springframework.core.io.support.PathMatchingResourcePatternResolver - Searching directory [C:\Users\jfmor\Desktop\semestre 7\ARSW\lab09\Lab09\target\test-classes\edu\eci\arsw\msgbroker] for files matching pattern [C:/Users/jfmor/Desktop/semestre 7/ARSW/lab09/Lab09/target/test-classes/edu/eci/arsw/msgbroker/*.class]
22:17:19.551 [main] DEBUG org.springframework.core.io.support.PathMatchingResourcePatternResolver - Resolved location pattern [classpath*:edu/eci/arsw/msgbroker/*.class] to resources [file [C:\Users\jfmor\Desktop\semestre 7\ARSW\lab09\Lab09\target\test-classes\edu\eci\arsw\msgbroker\WebsocketsMsbrokerExampleApplicationTests.class]]
22:17:19.589 [main] DEBUG org.springframework.core.io.support.PathMatchingResourcePatternResolver - Resolved classpath location [edu/eci/arsw/] to resources [URL [file:/C:/Users/jfmor/Desktop/semestre%207/ARSW/lab09/Lab09/target/test-classes/edu/eci/arsw/], URL [file:/C:/Users/jfmor/Desktop/semestre%207/ARSW/lab09/Lab09/target/classes/edu/eci/arsw/]]
22:17:19.589 [main] DEBUG org.springframework.core.io.support.PathMatchingResourcePatternResolver - Looking for matching resources in directory tree [C:\Users\jfmor\Desktop\semestre 7\ARSW\lab09\Lab09\target\test-classes\edu\eci\arsw]
22:17:19.590 [main] DEBUG org.springframework.core.io.support.PathMatchingResourcePatternResolver - Searching directory [C:\Users\jfmor\Desktop\semestre 7\ARSW\lab09\Lab09\target\test-classes\edu\eci\arsw] for files matching pattern [C:/Users/jfmor/Desktop/semestre 7/ARSW/lab09/Lab09/target/test-classes/edu/eci/arsw/*.class]
22:17:19.591 [main] DEBUG org.springframework.core.io.support.PathMatchingResourcePatternResolver - Looking for matching resources in directory tree [C:\Users\jfmor\Desktop\semestre 7\ARSW\lab09\Lab09\target\classes\edu\eci\arsw]
22:17:19.592 [main] DEBUG org.springframework.core.io.support.PathMatchingResourcePatternResolver - Searching directory [C:\Users\jfmor\Desktop\semestre 7\ARSW\lab09\Lab09\target\classes\edu\eci\arsw] for files matching pattern [C:/Users/jfmor/Desktop/semestre 7/ARSW/lab09/Lab09/target/classes/edu/eci/arsw/*.class]
22:17:19.593 [main] DEBUG org.springframework.core.io.support.PathMatchingResourcePatternResolver - Resolved location pattern [classpath*:edu/eci/arsw/*.class] to resources []
22:17:19.594 [main] DEBUG org.springframework.core.io.support.PathMatchingResourcePatternResolver - Resolved classpath location [edu/eci/] to resources [URL [file:/C:/Users/jfmor/Desktop/semestre%207/ARSW/lab09/Lab09/target/test-classes/edu/eci/], URL [file:/C:/Users/jfmor/Desktop/semestre%207/ARSW/lab09/Lab09/target/classes/edu/eci/]]
22:17:19.595 [main] DEBUG org.springframework.core.io.support.PathMatchingResourcePatternResolver - Looking for matching resources in directory tree [C:\Users\jfmor\Desktop\semestre 7\ARSW\lab09\Lab09\target\test-classes\edu\eci]
22:17:19.595 [main] DEBUG org.springframework.core.io.support.PathMatchingResourcePatternResolver - Searching directory [C:\Users\jfmor\Desktop\semestre 7\ARSW\lab09\Lab09\target\test-classes\edu\eci] for files matching pattern [C:/Users/jfmor/Desktop/semestre 7/ARSW/lab09/Lab09/target/test-classes/edu/eci/*.class]
22:17:19.596 [main] DEBUG org.springframework.core.io.support.PathMatchingResourcePatternResolver - Looking for matching resources in directory tree [C:\Users\jfmor\Desktop\semestre 7\ARSW\lab09\Lab09\target\classes\edu\eci]
22:17:19.597 [main] DEBUG org.springframework.core.io.support.PathMatchingResourcePatternResolver - Searching directory [C:\Users\jfmor\Desktop\semestre 7\ARSW\lab09\Lab09\target\classes\edu\eci] for files matching pattern [C:/Users/jfmor/Desktop/semestre 7/ARSW/lab09/Lab09/target/classes/edu/eci/*.class]
22:17:19.598 [main] DEBUG org.springframework.core.io.support.PathMatchingResourcePatternResolver - Resolved location pattern [classpath*:edu/eci/*.class] to resources []
22:17:19.599 [main] DEBUG org.springframework.core.io.support.PathMatchingResourcePatternResolver - Resolved classpath location [edu/] to resources [URL [file:/C:/Users/jfmor/Desktop/semestre%207/ARSW/lab09/Lab09/target/test-classes/edu/], URL [file:/C:/Users/jfmor/Desktop/semestre%207/ARSW/lab09/Lab09/target/classes/edu/]]
22:17:19.600 [main] DEBUG org.springframework.core.io.support.PathMatchingResourcePatternResolver - Looking for matching resources in directory tree [C:\Users\jfmor\Desktop\semestre 7\ARSW\lab09\Lab09\target\test-classes\edu]
22:17:19.600 [main] DEBUG org.springframework.core.io.support.PathMatchingResourcePatternResolver - Searching directory [C:\Users\jfmor\Desktop\semestre 7\ARSW\lab09\Lab09\target\test-classes\edu] for files matching pattern [C:/Users/jfmor/Desktop/semestre 7/ARSW/lab09/Lab09/target/test-classes/edu/*.class]
22:17:19.602 [main] DEBUG org.springframework.core.io.support.PathMatchingResourcePatternResolver - Looking for matching resources in directory tree [C:\Users\jfmor\Desktop\semestre 7\ARSW\lab09\Lab09\target\classes\edu]
22:17:19.602 [main] DEBUG org.springframework.core.io.support.PathMatchingResourcePatternResolver - Searching directory [C:\Users\jfmor\Desktop\semestre 7\ARSW\lab09\Lab09\target\classes\edu] for files matching pattern [C:/Users/jfmor/Desktop/semestre 7/ARSW/lab09/Lab09/target/classes/edu/*.class]
22:17:19.603 [main] DEBUG org.springframework.core.io.support.PathMatchingResourcePatternResolver - Resolved location pattern [classpath*:edu/*.class] to resources []
22:17:19.638 [main] DEBUG org.springframework.test.context.junit4.SpringJUnit4ClassRunner - SpringJUnit4ClassRunner constructor called with [class edu.eci.arsw.msgbroker.WebsocketsMsbrokerExampleApplicationTests]
22:17:19.639 [main] DEBUG org.springframework.test.context.BootstrapUtils - Instantiating CacheAwareContextLoaderDelegate from class [org.springframework.test.context.cache.DefaultCacheAwareContextLoaderDelegate]
22:17:19.639 [main] DEBUG org.springframework.test.context.BootstrapUtils - Instantiating BootstrapContext using constructor [public org.springframework.test.context.support.DefaultBootstrapContext(java.lang.Class,org.springframework.test.context.CacheAwareContextLoaderDelegate)]
22:17:19.640 [main] DEBUG org.springframework.test.context.BootstrapUtils - Instantiating TestContextBootstrapper for test class [edu.eci.arsw.msgbroker.WebsocketsMsbrokerExampleApplicationTests] from class [org.springframework.boot.test.context.SpringBootTestContextBootstrapper]
22:17:19.642 [main] INFO org.springframework.boot.test.context.SpringBootTestContextBootstrapper - Neither @ContextConfiguration nor @ContextHierarchy found for test class [edu.eci.arsw.msgbroker.WebsocketsMsbrokerExampleApplicationTests], using SpringBootContextLoader
22:17:19.644 [main] DEBUG org.springframework.test.context.support.AbstractContextLoader - Did not detect default resource location for test class [edu.eci.arsw.msgbroker.WebsocketsMsbrokerExampleApplicationTests]: class path resource [edu/eci/arsw/msgbroker/WebsocketsMsbrokerExampleApplicationTests-context.xml] does not exist
22:17:19.645 [main] DEBUG org.springframework.test.context.support.AbstractContextLoader - Did not detect default resource location for test class [edu.eci.arsw.msgbroker.WebsocketsMsbrokerExampleApplicationTests]: class path resource [edu/eci/arsw/msgbroker/WebsocketsMsbrokerExampleApplicationTestsContext.groovy] does not exist
22:17:19.645 [main] INFO org.springframework.test.context.support.AbstractContextLoader - Could not detect default resource locations for test class [edu.eci.arsw.msgbroker.WebsocketsMsbrokerExampleApplicationTests]: no resource found for suffixes {-context.xml, Context.groovy}.
22:17:19.646 [main] INFO org.springframework.test.context.support.AnnotationConfigContextLoaderUtils - Could not detect default configuration classes for test class [edu.eci.arsw.msgbroker.WebsocketsMsbrokerExampleApplicationTests]: WebsocketsMsbrokerExampleApplicationTests does not declare any static, non-private, non-final, nested classes annotated with @Configuration.
22:17:19.657 [main] DEBUG org.springframework.test.context.support.ActiveProfilesUtils - Could not find an 'annotation declaring class' for annotation type [org.springframework.test.context.ActiveProfiles] and class [edu.eci.arsw.msgbroker.WebsocketsMsbrokerExampleApplicationTests]
22:17:19.660 [main] DEBUG org.springframework.core.env.StandardEnvironment - Adding [systemProperties] PropertySource with lowest search precedence
22:17:19.660 [main] DEBUG org.springframework.core.env.StandardEnvironment - Adding [systemEnvironment] PropertySource with lowest search precedence
22:17:19.661 [main] DEBUG org.springframework.core.env.StandardEnvironment - Initialized StandardEnvironment with PropertySources [systemProperties,systemEnvironment]
22:17:19.662 [main] DEBUG org.springframework.core.io.support.PathMatchingResourcePatternResolver - Resolved classpath location [edu/eci/arsw/msgbroker/] to resources [URL [file:/C:/Users/jfmor/Desktop/semestre%207/ARSW/lab09/Lab09/target/test-classes/edu/eci/arsw/msgbroker/]]
22:17:19.662 [main] DEBUG org.springframework.core.io.support.PathMatchingResourcePatternResolver - Looking for matching resources in directory tree [C:\Users\jfmor\Desktop\semestre 7\ARSW\lab09\Lab09\target\test-classes\edu\eci\arsw\msgbroker]
22:17:19.664 [main] DEBUG org.springframework.core.io.support.PathMatchingResourcePatternResolver - Searching directory [C:\Users\jfmor\Desktop\semestre 7\ARSW\lab09\Lab09\target\test-classes\edu\eci\arsw\msgbroker] for files matching pattern [C:/Users/jfmor/Desktop/semestre 7/ARSW/lab09/Lab09/target/test-classes/edu/eci/arsw/msgbroker/*.class]
22:17:19.668 [main] DEBUG org.springframework.core.io.support.PathMatchingResourcePatternResolver - Resolved location pattern [classpath*:edu/eci/arsw/msgbroker/*.class] to resources [file [C:\Users\jfmor\Desktop\semestre 7\ARSW\lab09\Lab09\target\test-classes\edu\eci\arsw\msgbroker\WebsocketsMsbrokerExampleApplicationTests.class]]
22:17:19.672 [main] DEBUG org.springframework.core.io.support.PathMatchingResourcePatternResolver - Resolved classpath location [edu/eci/arsw/] to resources [URL [file:/C:/Users/jfmor/Desktop/semestre%207/ARSW/lab09/Lab09/target/test-classes/edu/eci/arsw/], URL [file:/C:/Users/jfmor/Desktop/semestre%207/ARSW/lab09/Lab09/target/classes/edu/eci/arsw/]]
22:17:19.672 [main] DEBUG org.springframework.core.io.support.PathMatchingResourcePatternResolver - Looking for matching resources in directory tree [C:\Users\jfmor\Desktop\semestre 7\ARSW\lab09\Lab09\target\test-classes\edu\eci\arsw]
22:17:19.673 [main] DEBUG org.springframework.core.io.support.PathMatchingResourcePatternResolver - Searching directory [C:\Users\jfmor\Desktop\semestre 7\ARSW\lab09\Lab09\target\test-classes\edu\eci\arsw] for files matching pattern [C:/Users/jfmor/Desktop/semestre 7/ARSW/lab09/Lab09/target/test-classes/edu/eci/arsw/*.class]
22:17:19.675 [main] DEBUG org.springframework.core.io.support.PathMatchingResourcePatternResolver - Looking for matching resources in directory tree [C:\Users\jfmor\Desktop\semestre 7\ARSW\lab09\Lab09\target\classes\edu\eci\arsw]
22:17:19.675 [main] DEBUG org.springframework.core.io.support.PathMatchingResourcePatternResolver - Searching directory [C:\Users\jfmor\Desktop\semestre 7\ARSW\lab09\Lab09\target\classes\edu\eci\arsw] for files matching pattern [C:/Users/jfmor/Desktop/semestre 7/ARSW/lab09/Lab09/target/classes/edu/eci/arsw/*.class]
22:17:19.677 [main] DEBUG org.springframework.core.io.support.PathMatchingResourcePatternResolver - Resolved location pattern [classpath*:edu/eci/arsw/*.class] to resources []
22:17:19.679 [main] DEBUG org.springframework.core.io.support.PathMatchingResourcePatternResolver - Resolved classpath location [edu/eci/] to resources [URL [file:/C:/Users/jfmor/Desktop/semestre%207/ARSW/lab09/Lab09/target/test-classes/edu/eci/], URL [file:/C:/Users/jfmor/Desktop/semestre%207/ARSW/lab09/Lab09/target/classes/edu/eci/]]
22:17:19.679 [main] DEBUG org.springframework.core.io.support.PathMatchingResourcePatternResolver - Looking for matching resources in directory tree [C:\Users\jfmor\Desktop\semestre 7\ARSW\lab09\Lab09\target\test-classes\edu\eci]
22:17:19.680 [main] DEBUG org.springframework.core.io.support.PathMatchingResourcePatternResolver - Searching directory [C:\Users\jfmor\Desktop\semestre 7\ARSW\lab09\Lab09\target\test-classes\edu\eci] for files matching pattern [C:/Users/jfmor/Desktop/semestre 7/ARSW/lab09/Lab09/target/test-classes/edu/eci/*.class]
22:17:19.681 [main] DEBUG org.springframework.core.io.support.PathMatchingResourcePatternResolver - Looking for matching resources in directory tree [C:\Users\jfmor\Desktop\semestre 7\ARSW\lab09\Lab09\target\classes\edu\eci]
22:17:19.682 [main] DEBUG org.springframework.core.io.support.PathMatchingResourcePatternResolver - Searching directory [C:\Users\jfmor\Desktop\semestre 7\ARSW\lab09\Lab09\target\classes\edu\eci] for files matching pattern [C:/Users/jfmor/Desktop/semestre 7/ARSW/lab09/Lab09/target/classes/edu/eci/*.class]
22:17:19.684 [main] DEBUG org.springframework.core.io.support.PathMatchingResourcePatternResolver - Resolved location pattern [classpath*:edu/eci/*.class] to resources []
22:17:19.685 [main] DEBUG org.springframework.core.io.support.PathMatchingResourcePatternResolver - Resolved classpath location [edu/] to resources [URL [file:/C:/Users/jfmor/Desktop/semestre%207/ARSW/lab09/Lab09/target/test-classes/edu/], URL [file:/C:/Users/jfmor/Desktop/semestre%207/ARSW/lab09/Lab09/target/classes/edu/]]
22:17:19.686 [main] DEBUG org.springframework.core.io.support.PathMatchingResourcePatternResolver - Looking for matching resources in directory tree [C:\Users\jfmor\Desktop\semestre 7\ARSW\lab09\Lab09\target\test-classes\edu]
22:17:19.688 [main] DEBUG org.springframework.core.io.support.PathMatchingResourcePatternResolver - Searching directory [C:\Users\jfmor\Desktop\semestre 7\ARSW\lab09\Lab09\target\test-classes\edu] for files matching pattern [C:/Users/jfmor/Desktop/semestre 7/ARSW/lab09/Lab09/target/test-classes/edu/*.class]
22:17:19.689 [main] DEBUG org.springframework.core.io.support.PathMatchingResourcePatternResolver - Looking for matching resources in directory tree [C:\Users\jfmor\Desktop\semestre 7\ARSW\lab09\Lab09\target\classes\edu]
22:17:19.694 [main] DEBUG org.springframework.core.io.support.PathMatchingResourcePatternResolver - Searching directory [C:\Users\jfmor\Desktop\semestre 7\ARSW\lab09\Lab09\target\classes\edu] for files matching pattern [C:/Users/jfmor/Desktop/semestre 7/ARSW/lab09/Lab09/target/classes/edu/*.class]
22:17:19.696 [main] DEBUG org.springframework.core.io.support.PathMatchingResourcePatternResolver - Resolved location pattern [classpath*:edu/*.class] to resources []
]]></system-out>
  </testcase>
</testsuite>